# JRE version: Java(TM) SE Runtime Environment (16.0.1+9) (build 16.0.1+9-24)
# Java VM: Java HotSpot(TM) 64-Bit Server VM (16.0.1+9-24, mixed mode, sharing, tiered, compressed oops, compressed class ptrs, g1 gc, windows-amd64)
GC Precious Log:
 CPUs: 8 total, 8 available
 Memory: 8029M
 Large Page Support: Disabled
 NUMA Support: Disabled
 Compressed Oops: Enabled (32-bit)
 Heap Region Size: 1M
 Heap Min Capacity: 8M
 Heap Initial Capacity: 126M
 Heap Max Capacity: 2008M
 Pre-touch: Disabled
 Parallel Workers: 8
 Concurrent Workers: 2
 Concurrent Refinement Workers: 8
 Periodic GC: Disabled
Heap:
 garbage-first heap   total 74752K, used 16077K [0x0000000082800000, 0x0000000100000000)
  region size 1024K, 1 young (1024K), 1 survivors (1024K)
 Metaspace       used 28457K, committed 28800K, reserved 1081344K
  class space    used 3668K, committed 3840K, reserved 1048576K
GC Heap History (15 events):
Event: 0.394 GC heap before
{Heap before GC invocations=0 (full 0):
 garbage-first heap   total 129024K, used 23552K [0x0000000082800000, 0x0000000100000000)
  region size 1024K, 23 young (23552K), 0 survivors (0K)
 Metaspace       used 4326K, committed 4544K, reserved 1056768K
  class space    used 453K, committed 576K, reserved 1048576K
}
Event: 0.398 GC heap after
{Heap after GC invocations=1 (full 0):
 garbage-first heap   total 129024K, used 6525K [0x0000000082800000, 0x0000000100000000)
  region size 1024K, 3 young (3072K), 3 survivors (3072K)
 Metaspace       used 4326K, committed 4544K, reserved 1056768K
  class space    used 453K, committed 576K, reserved 1048576K
}
Event: 0.407 GC heap before
{Heap before GC invocations=1 (full 0):
 garbage-first heap   total 129024K, used 35197K [0x0000000082800000, 0x0000000100000000)
  region size 1024K, 32 young (32768K), 3 survivors (3072K)
 Metaspace       used 4327K, committed 4544K, reserved 1056768K
  class space    used 453K, committed 576K, reserved 1048576K
}
Event: 0.409 GC heap after
{Heap after GC invocations=2 (full 0):
 garbage-first heap   total 129024K, used 6791K [0x0000000082800000, 0x0000000100000000)
  region size 1024K, 1 young (1024K), 1 survivors (1024K)
 Metaspace       used 4327K, committed 4544K, reserved 1056768K
  class space    used 453K, committed 576K, reserved 1048576K
}
Event: 1.108 GC heap before
{Heap before GC invocations=2 (full 0):
 garbage-first heap   total 129024K, used 81543K [0x0000000082800000, 0x0000000100000000)
  region size 1024K, 75 young (76800K), 1 survivors (1024K)
 Metaspace       used 16946K, committed 17152K, reserved 1064960K
  class space    used 2137K, committed 2240K, reserved 1048576K
}
Event: 1.112 GC heap after
{Heap after GC invocations=3 (full 0):
 garbage-first heap   total 129024K, used 10615K [0x0000000082800000, 0x0000000100000000)
  region size 1024K, 4 young (4096K), 4 survivors (4096K)
 Metaspace       used 16946K, committed 17152K, reserved 1064960K
  class space    used 2137K, committed 2240K, reserved 1048576K
}
Event: 1.616 GC heap before
{Heap before GC invocations=3 (full 0):
 garbage-first heap   total 129024K, used 63863K [0x0000000082800000, 0x0000000100000000)
  region size 1024K, 58 young (59392K), 4 survivors (4096K)
 Metaspace       used 21016K, committed 21248K, reserved 1073152K
  class space    used 2644K, committed 2752K, reserved 1048576K
}
Event: 1.620 GC heap after
{Heap after GC invocations=4 (full 0):
 garbage-first heap   total 129024K, used 12236K [0x0000000082800000, 0x0000000100000000)
  region size 1024K, 6 young (6144K), 6 survivors (6144K)
 Metaspace       used 21016K, committed 21248K, reserved 1073152K
  class space    used 2644K, committed 2752K, reserved 1048576K
}
Event: 2.181 GC heap before
{Heap before GC invocations=5 (full 0):
 garbage-first heap   total 48128K, used 34764K [0x0000000082800000, 0x0000000100000000)
  region size 1024K, 28 young (28672K), 6 survivors (6144K)
 Metaspace       used 24466K, committed 24768K, reserved 1073152K
  class space    used 3134K, committed 3264K, reserved 1048576K
}
Event: 2.189 GC heap after
{Heap after GC invocations=6 (full 0):
 garbage-first heap   total 48128K, used 14091K [0x0000000082800000, 0x0000000100000000)
  region size 1024K, 4 young (4096K), 4 survivors (4096K)
 Metaspace       used 24466K, committed 24768K, reserved 1073152K
  class space    used 3134K, committed 3264K, reserved 1048576K
}
Event: 2.801 GC heap before
{Heap before GC invocations=6 (full 0):
 garbage-first heap   total 48128K, used 34571K [0x0000000082800000, 0x0000000100000000)
  region size 1024K, 24 young (24576K), 4 survivors (4096K)
 Metaspace       used 28453K, committed 28800K, reserved 1081344K
  class space    used 3668K, committed 3840K, reserved 1048576K
}
Event: 2.808 GC heap after
{Heap after GC invocations=7 (full 0):
 garbage-first heap   total 48128K, used 16220K [0x0000000082800000, 0x0000000100000000)
  region size 1024K, 3 young (3072K), 3 survivors (3072K)
 Metaspace       used 28453K, committed 28800K, reserved 1081344K
  class space    used 3668K, committed 3840K, reserved 1048576K
}
Event: 2.816 GC heap before
{Heap before GC invocations=7 (full 0):
 garbage-first heap   total 48128K, used 34652K [0x0000000082800000, 0x0000000100000000)
  region size 1024K, 22 young (22528K), 3 survivors (3072K)
 Metaspace       used 28455K, committed 28800K, reserved 1081344K
  class space    used 3668K, committed 3840K, reserved 1048576K
}
Event: 2.819 GC heap after
{Heap after GC invocations=8 (full 0):
 garbage-first heap   total 48128K, used 16268K [0x0000000082800000, 0x0000000100000000)
  region size 1024K, 1 young (1024K), 1 survivors (1024K)
 Metaspace       used 28455K, committed 28800K, reserved 1081344K
  class space    used 3668K, committed 3840K, reserved 1048576K
}
Event: 2.826 GC heap before
{Heap before GC invocations=8 (full 0):
 garbage-first heap   total 48128K, used 34700K [0x0000000082800000, 0x0000000100000000)
  region size 1024K, 20 young (20480K), 1 survivors (1024K)
 Metaspace       used 28457K, committed 28800K, reserved 1081344K
  class space    used 3668K, committed 3840K, reserved 1048576K
}

